# JRE version: OpenJDK Runtime Environment Temurin-17.0.7+7 (17.0.7+7) (build 17.0.7+7)
# Java VM: OpenJDK 64-Bit Server VM Temurin-17.0.7+7 (17.0.7+7, mixed mode, sharing, tiered, compressed oops, compressed class ptrs, g1 gc, windows-amd64)
GC Precious Log:
 CPUs: 16 total, 16 available
 Memory: 65450M
 Large Page Support: Disabled
 NUMA Support: Disabled
 Compressed Oops: Enabled (Zero based)
 Heap Region Size: 2M
 Heap Min Capacity: 512M
 Heap Initial Capacity: 512M
 Heap Max Capacity: 4072M
 Pre-touch: Disabled
 Parallel Workers: 13
 Concurrent Workers: 3
 Concurrent Refinement Workers: 13
 Periodic GC: Disabled
 String Deduplication is enabled
Heap:
 garbage-first heap   total 524288K, used 159673K [0x0000000701800000, 0x0000000800000000)
  region size 2048K, 28 young (57344K), 2 survivors (4096K)
 Metaspace       used 86245K, committed 86912K, reserved 1179648K
  class space    used 12054K, committed 12416K, reserved 1048576K
GC Heap History (20 events):
Event: 231.233 GC heap before
{Heap before GC invocations=35 (full 2):
 garbage-first heap   total 524288K, used 184011K [0x0000000701800000, 0x0000000800000000)
  region size 2048K, 40 young (81920K), 1 survivors (2048K)
 Metaspace       used 84901K, committed 85568K, reserved 1179648K
  class space    used 12005K, committed 12352K, reserved 1048576K
}
Event: 231.234 GC heap after
{Heap after GC invocations=36 (full 2):
 garbage-first heap   total 524288K, used 104332K [0x0000000701800000, 0x0000000800000000)
  region size 2048K, 1 young (2048K), 1 survivors (2048K)
 Metaspace       used 84901K, committed 85568K, reserved 1179648K
  class space    used 12005K, committed 12352K, reserved 1048576K
}
Event: 232.089 GC heap before
{Heap before GC invocations=36 (full 2):
 garbage-first heap   total 524288K, used 184204K [0x0000000701800000, 0x0000000800000000)
  region size 2048K, 40 young (81920K), 1 survivors (2048K)
 Metaspace       used 84922K, committed 85632K, reserved 1179648K
  class space    used 12005K, committed 12352K, reserved 1048576K
}
Event: 232.091 GC heap after
{Heap after GC invocations=37 (full 2):
 garbage-first heap   total 524288K, used 104406K [0x0000000701800000, 0x0000000800000000)
  region size 2048K, 1 young (2048K), 1 survivors (2048K)
 Metaspace       used 84922K, committed 85632K, reserved 1179648K
  class space    used 12005K, committed 12352K, reserved 1048576K
}
Event: 238.849 GC heap before
{Heap before GC invocations=37 (full 2):
 garbage-first heap   total 524288K, used 184278K [0x0000000701800000, 0x0000000800000000)
  region size 2048K, 40 young (81920K), 1 survivors (2048K)
 Metaspace       used 85268K, committed 85952K, reserved 1179648K
  class space    used 12023K, committed 12352K, reserved 1048576K
}
Event: 238.851 GC heap after
{Heap after GC invocations=38 (full 2):
 garbage-first heap   total 524288K, used 107411K [0x0000000701800000, 0x0000000800000000)
  region size 2048K, 3 young (6144K), 3 survivors (6144K)
 Metaspace       used 85268K, committed 85952K, reserved 1179648K
  class space    used 12023K, committed 12352K, reserved 1048576K
}
Event: 240.530 GC heap before
{Heap before GC invocations=38 (full 2):
 garbage-first heap   total 524288K, used 187283K [0x0000000701800000, 0x0000000800000000)
  region size 2048K, 37 young (75776K), 3 survivors (6144K)
 Metaspace       used 85539K, committed 86208K, reserved 1179648K
  class space    used 12024K, committed 12352K, reserved 1048576K
}
Event: 240.578 GC heap after
{Heap after GC invocations=39 (full 3):
 garbage-first heap   total 524288K, used 99404K [0x0000000701800000, 0x0000000800000000)
  region size 2048K, 0 young (0K), 0 survivors (0K)
 Metaspace       used 85539K, committed 86208K, reserved 1179648K
  class space    used 12024K, committed 12352K, reserved 1048576K
}
Event: 254.194 GC heap before
{Heap before GC invocations=39 (full 3):
 garbage-first heap   total 524288K, used 183372K [0x0000000701800000, 0x0000000800000000)
  region size 2048K, 36 young (73728K), 0 survivors (0K)
 Metaspace       used 85796K, committed 86464K, reserved 1179648K
  class space    used 12029K, committed 12352K, reserved 1048576K
}
Event: 254.196 GC heap after
{Heap after GC invocations=40 (full 3):
 garbage-first heap   total 524288K, used 113251K [0x0000000701800000, 0x0000000800000000)
  region size 2048K, 1 young (2048K), 1 survivors (2048K)
 Metaspace       used 85796K, committed 86464K, reserved 1179648K
  class space    used 12029K, committed 12352K, reserved 1048576K
}
Event: 259.119 GC heap before
{Heap before GC invocations=40 (full 3):
 garbage-first heap   total 524288K, used 193123K [0x0000000701800000, 0x0000000800000000)
  region size 2048K, 40 young (81920K), 1 survivors (2048K)
 Metaspace       used 85964K, committed 86656K, reserved 1179648K
  class space    used 12049K, committed 12416K, reserved 1048576K
}
Event: 259.120 GC heap after
{Heap after GC invocations=41 (full 3):
 garbage-first heap   total 524288K, used 107026K [0x0000000701800000, 0x0000000800000000)
  region size 2048K, 1 young (2048K), 1 survivors (2048K)
 Metaspace       used 85964K, committed 86656K, reserved 1179648K
  class space    used 12049K, committed 12416K, reserved 1048576K
}
Event: 265.454 GC heap before
{Heap before GC invocations=41 (full 3):
 garbage-first heap   total 524288K, used 186898K [0x0000000701800000, 0x0000000800000000)
  region size 2048K, 40 young (81920K), 1 survivors (2048K)
 Metaspace       used 86069K, committed 86720K, reserved 1179648K
  class space    used 12050K, committed 12416K, reserved 1048576K
}
Event: 265.456 GC heap after
{Heap after GC invocations=42 (full 3):
 garbage-first heap   total 524288K, used 107487K [0x0000000701800000, 0x0000000800000000)
  region size 2048K, 1 young (2048K), 1 survivors (2048K)
 Metaspace       used 86069K, committed 86720K, reserved 1179648K
  class space    used 12050K, committed 12416K, reserved 1048576K
}
Event: 271.430 GC heap before
{Heap before GC invocations=42 (full 3):
 garbage-first heap   total 524288K, used 187359K [0x0000000701800000, 0x0000000800000000)
  region size 2048K, 40 young (81920K), 1 survivors (2048K)
 Metaspace       used 86109K, committed 86848K, reserved 1179648K
  class space    used 12051K, committed 12416K, reserved 1048576K
}
Event: 271.432 GC heap after
{Heap after GC invocations=43 (full 3):
 garbage-first heap   total 524288K, used 107970K [0x0000000701800000, 0x0000000800000000)
  region size 2048K, 2 young (4096K), 2 survivors (4096K)
 Metaspace       used 86109K, committed 86848K, reserved 1179648K
  class space    used 12051K, committed 12416K, reserved 1048576K
}
Event: 287.023 GC heap before
{Heap before GC invocations=43 (full 3):
 garbage-first heap   total 524288K, used 185794K [0x0000000701800000, 0x0000000800000000)
  region size 2048K, 40 young (81920K), 2 survivors (4096K)
 Metaspace       used 86159K, committed 86848K, reserved 1179648K
  class space    used 12052K, committed 12416K, reserved 1048576K
}
Event: 287.025 GC heap after
{Heap after GC invocations=44 (full 3):
 garbage-first heap   total 524288K, used 108197K [0x0000000701800000, 0x0000000800000000)
  region size 2048K, 2 young (4096K), 2 survivors (4096K)
 Metaspace       used 86159K, committed 86848K, reserved 1179648K
  class space    used 12052K, committed 12416K, reserved 1048576K
}
Event: 364.936 GC heap before
{Heap before GC invocations=44 (full 3):
 garbage-first heap   total 524288K, used 186021K [0x0000000701800000, 0x0000000800000000)
  region size 2048K, 40 young (81920K), 2 survivors (4096K)
 Metaspace       used 86217K, committed 86912K, reserved 1179648K
  class space    used 12054K, committed 12416K, reserved 1048576K
}
Event: 364.938 GC heap after
{Heap after GC invocations=45 (full 3):
 garbage-first heap   total 524288K, used 108473K [0x0000000701800000, 0x0000000800000000)
  region size 2048K, 2 young (4096K), 2 survivors (4096K)
 Metaspace       used 86217K, committed 86912K, reserved 1179648K
  class space    used 12054K, committed 12416K, reserved 1048576K
}

