# JRE version: OpenJDK Runtime Environment Temurin-17.0.7+7 (17.0.7+7) (build 17.0.7+7)
# Java VM: OpenJDK 64-Bit Server VM Temurin-17.0.7+7 (17.0.7+7, mixed mode, sharing, tiered, compressed oops, compressed class ptrs, g1 gc, windows-amd64)
GC Precious Log:
 CPUs: 16 total, 16 available
 Memory: 65450M
 Large Page Support: Disabled
 NUMA Support: Disabled
 Compressed Oops: Enabled (Zero based)
 Heap Region Size: 2M
 Heap Min Capacity: 512M
 Heap Initial Capacity: 512M
 Heap Max Capacity: 4072M
 Pre-touch: Disabled
 Parallel Workers: 13
 Concurrent Workers: 3
 Concurrent Refinement Workers: 13
 Periodic GC: Disabled
 String Deduplication is enabled
Heap:
 garbage-first heap   total 524288K, used 92977K [0x0000000701800000, 0x0000000800000000)
  region size 2048K, 5 young (10240K), 3 survivors (6144K)
 Metaspace       used 79200K, committed 79872K, reserved 1179648K
  class space    used 11232K, committed 11584K, reserved 1048576K
GC Heap History (20 events):
Event: 239.095 GC heap before
{Heap before GC invocations=23 (full 1):
 garbage-first heap   total 524288K, used 166438K [0x0000000701800000, 0x0000000800000000)
  region size 2048K, 40 young (81920K), 2 survivors (4096K)
 Metaspace       used 78035K, committed 78656K, reserved 1179648K
  class space    used 11195K, committed 11456K, reserved 1048576K
}
Event: 239.097 GC heap after
{Heap after GC invocations=24 (full 1):
 garbage-first heap   total 524288K, used 89415K [0x0000000701800000, 0x0000000800000000)
  region size 2048K, 2 young (4096K), 2 survivors (4096K)
 Metaspace       used 78035K, committed 78656K, reserved 1179648K
  class space    used 11195K, committed 11456K, reserved 1048576K
}
Event: 269.380 GC heap before
{Heap before GC invocations=24 (full 1):
 garbage-first heap   total 524288K, used 167239K [0x0000000701800000, 0x0000000800000000)
  region size 2048K, 40 young (81920K), 2 survivors (4096K)
 Metaspace       used 78585K, committed 79232K, reserved 1179648K
  class space    used 11224K, committed 11520K, reserved 1048576K
}
Event: 269.382 GC heap after
{Heap after GC invocations=25 (full 1):
 garbage-first heap   total 524288K, used 89623K [0x0000000701800000, 0x0000000800000000)
  region size 2048K, 2 young (4096K), 2 survivors (4096K)
 Metaspace       used 78585K, committed 79232K, reserved 1179648K
  class space    used 11224K, committed 11520K, reserved 1048576K
}
Event: 282.525 GC heap before
{Heap before GC invocations=25 (full 1):
 garbage-first heap   total 524288K, used 167447K [0x0000000701800000, 0x0000000800000000)
  region size 2048K, 40 young (81920K), 2 survivors (4096K)
 Metaspace       used 78741K, committed 79296K, reserved 1179648K
  class space    used 11224K, committed 11520K, reserved 1048576K
}
Event: 282.527 GC heap after
{Heap after GC invocations=26 (full 1):
 garbage-first heap   total 524288K, used 90064K [0x0000000701800000, 0x0000000800000000)
  region size 2048K, 2 young (4096K), 2 survivors (4096K)
 Metaspace       used 78741K, committed 79296K, reserved 1179648K
  class space    used 11224K, committed 11520K, reserved 1048576K
}
Event: 288.527 GC heap before
{Heap before GC invocations=26 (full 1):
 garbage-first heap   total 524288K, used 167888K [0x0000000701800000, 0x0000000800000000)
  region size 2048K, 40 young (81920K), 2 survivors (4096K)
 Metaspace       used 78959K, committed 79616K, reserved 1179648K
  class space    used 11231K, committed 11584K, reserved 1048576K
}
Event: 288.529 GC heap after
{Heap after GC invocations=27 (full 1):
 garbage-first heap   total 524288K, used 91002K [0x0000000701800000, 0x0000000800000000)
  region size 2048K, 3 young (6144K), 3 survivors (6144K)
 Metaspace       used 78959K, committed 79616K, reserved 1179648K
  class space    used 11231K, committed 11584K, reserved 1048576K
}
Event: 337.125 GC heap before
{Heap before GC invocations=27 (full 1):
 garbage-first heap   total 524288K, used 166778K [0x0000000701800000, 0x0000000800000000)
  region size 2048K, 40 young (81920K), 3 survivors (6144K)
 Metaspace       used 78984K, committed 79616K, reserved 1179648K
  class space    used 11232K, committed 11584K, reserved 1048576K
}
Event: 337.127 GC heap after
{Heap after GC invocations=28 (full 1):
 garbage-first heap   total 524288K, used 90225K [0x0000000701800000, 0x0000000800000000)
  region size 2048K, 2 young (4096K), 2 survivors (4096K)
 Metaspace       used 78984K, committed 79616K, reserved 1179648K
  class space    used 11232K, committed 11584K, reserved 1048576K
}
Event: 516.359 GC heap before
{Heap before GC invocations=28 (full 1):
 garbage-first heap   total 524288K, used 168049K [0x0000000701800000, 0x0000000800000000)
  region size 2048K, 40 young (81920K), 2 survivors (4096K)
 Metaspace       used 78999K, committed 79680K, reserved 1179648K
  class space    used 11232K, committed 11584K, reserved 1048576K
}
Event: 516.362 GC heap after
{Heap after GC invocations=29 (full 1):
 garbage-first heap   total 524288K, used 90334K [0x0000000701800000, 0x0000000800000000)
  region size 2048K, 2 young (4096K), 2 survivors (4096K)
 Metaspace       used 78999K, committed 79680K, reserved 1179648K
  class space    used 11232K, committed 11584K, reserved 1048576K
}
Event: 715.772 GC heap before
{Heap before GC invocations=29 (full 1):
 garbage-first heap   total 524288K, used 168158K [0x0000000701800000, 0x0000000800000000)
  region size 2048K, 40 young (81920K), 2 survivors (4096K)
 Metaspace       used 79033K, committed 79744K, reserved 1179648K
  class space    used 11232K, committed 11584K, reserved 1048576K
}
Event: 715.775 GC heap after
{Heap after GC invocations=30 (full 1):
 garbage-first heap   total 524288K, used 90484K [0x0000000701800000, 0x0000000800000000)
  region size 2048K, 2 young (4096K), 2 survivors (4096K)
 Metaspace       used 79033K, committed 79744K, reserved 1179648K
  class space    used 11232K, committed 11584K, reserved 1048576K
}
Event: 844.947 GC heap before
{Heap before GC invocations=30 (full 1):
 garbage-first heap   total 524288K, used 168308K [0x0000000701800000, 0x0000000800000000)
  region size 2048K, 40 young (81920K), 2 survivors (4096K)
 Metaspace       used 79065K, committed 79744K, reserved 1179648K
  class space    used 11232K, committed 11584K, reserved 1048576K
}
Event: 844.949 GC heap after
{Heap after GC invocations=31 (full 1):
 garbage-first heap   total 524288K, used 90358K [0x0000000701800000, 0x0000000800000000)
  region size 2048K, 2 young (4096K), 2 survivors (4096K)
 Metaspace       used 79065K, committed 79744K, reserved 1179648K
  class space    used 11232K, committed 11584K, reserved 1048576K
}
Event: 945.926 GC heap before
{Heap before GC invocations=31 (full 1):
 garbage-first heap   total 524288K, used 168182K [0x0000000701800000, 0x0000000800000000)
  region size 2048K, 40 young (81920K), 2 survivors (4096K)
 Metaspace       used 79119K, committed 79808K, reserved 1179648K
  class space    used 11232K, committed 11584K, reserved 1048576K
}
Event: 945.929 GC heap after
{Heap after GC invocations=32 (full 1):
 garbage-first heap   total 524288K, used 90612K [0x0000000701800000, 0x0000000800000000)
  region size 2048K, 3 young (6144K), 3 survivors (6144K)
 Metaspace       used 79119K, committed 79808K, reserved 1179648K
  class space    used 11232K, committed 11584K, reserved 1048576K
}
Event: 990.986 GC heap before
{Heap before GC invocations=32 (full 1):
 garbage-first heap   total 524288K, used 164340K [0x0000000701800000, 0x0000000800000000)
  region size 2048K, 40 young (81920K), 3 survivors (6144K)
 Metaspace       used 79196K, committed 79872K, reserved 1179648K
  class space    used 11232K, committed 11584K, reserved 1048576K
}
Event: 990.988 GC heap after
{Heap after GC invocations=33 (full 1):
 garbage-first heap   total 524288K, used 90929K [0x0000000701800000, 0x0000000800000000)
  region size 2048K, 3 young (6144K), 3 survivors (6144K)
 Metaspace       used 79196K, committed 79872K, reserved 1179648K
  class space    used 11232K, committed 11584K, reserved 1048576K
}

